<?xml version="1.0" encoding="UTF-8" ?>
<testsuite tests="12" failures="0" name="com.sonar.maven.bdd.tubes.test.TubesTest" time="0.618" errors="0" skipped="0">
  <properties>
[...]
</properties>
  <testcase classname="Skenario: Membayar uang semeter" name="Dengan Status pembayaran belum lunas" time="0.001"/>
  <testcase classname="Skenario: Membayar uang semeter" name="Ketika Mahasiswa telah memasukkan kode pembayaran \&quot;abc123\&quot;" time="0"/>
  <testcase classname="Skenario: Membayar uang semeter" name="Maka respon dengan pesan \&quot;pembayaran telah dilakukan\&quot;" time="0"/>
  <testcase classname="Skenario: Membayar uang semeter" name="Skenario: Membayar uang semeter" time="0.001"/>
  <testcase classname="Skenario: Memasukan user ke dalam sistem" name="Dengan Username dan password user yang cocok sehingga tidak terjadi kegagalan" time="0"/>
  <testcase classname="Skenario: Memasukan user ke dalam sistem" name="Ketika Memasukkan username \&quot;alifa\&quot; dan password \&quot;azzami\&quot;" time="0"/>
  <testcase classname="Skenario: Memasukan user ke dalam sistem" name="Maka respon \&quot;login berhasil\&quot;" time="0"/>
  <testcase classname="Skenario: Memasukan user ke dalam sistem" name="Skenario: Memasukan user ke dalam sistem" time="0.001"/>
  <testcase classname="Skenario: Memasukkan user ke dalam sistem" name="Dengan Username dan password user yang tidak cocok sehingga terjadi kegagalan" time="0"/>
  <testcase classname="Skenario: Memasukkan user ke dalam sistem" name="Ketika Memasukkan username \&quot;munip\&quot; dan password \&quot;hanif\&quot;" time="0"/>
  <testcase classname="Skenario: Memasukkan user ke dalam sistem" name="Maka respon gagal dengan pesan \&quot;login gagal\&quot;" time="0"/>
  <testcase classname="Skenario: Memasukkan user ke dalam sistem" name="Skenario: Memasukkan user ke dalam sistem" time="0"/>
</testsuite>